21 мая 2020 00:19:51.500 {main} DEBUG XML.Util.XMLUtil - XML storage init successfully
21 мая 2020 00:31:26.370 {http-nio-8080-exec-1} DEBUG XML.Util.XMLUtil - GroupName: firstNameGroup	Value: Pavel
21 мая 2020 00:31:26.370 {http-nio-8080-exec-1} DEBUG XML.Util.XMLUtil - Found group: firstNameGroup
21 мая 2020 00:31:26.370 {http-nio-8080-exec-1} DEBUG XML.Util.XMLUtil - Found ID: null
21 мая 2020 00:31:26.371 {http-nio-8080-exec-1} DEBUG XML.Util.XMLUtil - GroupName: secondNameGroup	Value: Chsitov
21 мая 2020 00:31:26.371 {http-nio-8080-exec-1} DEBUG XML.Util.XMLUtil - Found group: secondNameGroup
21 мая 2020 00:31:26.371 {http-nio-8080-exec-1} DEBUG XML.Util.XMLUtil - Found ID: null
21 мая 2020 00:31:26.371 {http-nio-8080-exec-1} DEBUG XML.Util.XMLUtil - GroupName: birthDateGroup	Value: 08.06.1999
21 мая 2020 00:31:26.371 {http-nio-8080-exec-1} DEBUG XML.Util.XMLUtil - Found group: birthDateGroup
21 мая 2020 00:31:26.371 {http-nio-8080-exec-1} DEBUG XML.Util.XMLUtil - Found ID: null
21 мая 2020 00:31:26.371 {http-nio-8080-exec-1} DEBUG XML.Util.XMLUtil - Found group: firstNameGroup
21 мая 2020 00:31:26.372 {http-nio-8080-exec-1} DEBUG XML.Util.XMLUtil - Get ID for new value from FNID
21 мая 2020 00:31:26.372 {http-nio-8080-exec-1} DEBUG XML.Util.XMLUtil - Found group: FNID
21 мая 2020 00:31:26.372 {http-nio-8080-exec-1} DEBUG XML.Util.XMLUtil - ID for new value - ID: 1
21 мая 2020 00:31:26.373 {http-nio-8080-exec-1} DEBUG XML.Util.XMLUtil - Found group: secondNameGroup
21 мая 2020 00:31:26.373 {http-nio-8080-exec-1} DEBUG XML.Util.XMLUtil - Get ID for new value from SNID
21 мая 2020 00:31:26.373 {http-nio-8080-exec-1} DEBUG XML.Util.XMLUtil - Found group: SNID
21 мая 2020 00:31:26.373 {http-nio-8080-exec-1} DEBUG XML.Util.XMLUtil - ID for new value - ID: 1
21 мая 2020 00:31:26.373 {http-nio-8080-exec-1} DEBUG XML.Util.XMLUtil - Found group: birthDateGroup
21 мая 2020 00:31:26.373 {http-nio-8080-exec-1} DEBUG XML.Util.XMLUtil - Get ID for new value from BDID
21 мая 2020 00:31:26.373 {http-nio-8080-exec-1} DEBUG XML.Util.XMLUtil - Found group: BDID
21 мая 2020 00:31:26.373 {http-nio-8080-exec-1} DEBUG XML.Util.XMLUtil - ID for new value - ID: 1
21 мая 2020 00:31:26.373 {http-nio-8080-exec-1} DEBUG XML.Util.XMLUtil - Get ID for new value from MGID
21 мая 2020 00:31:26.373 {http-nio-8080-exec-1} DEBUG XML.Util.XMLUtil - Found group: MGID
21 мая 2020 00:31:26.373 {http-nio-8080-exec-1} DEBUG XML.Util.XMLUtil - ID for new value - ID: 1
21 мая 2020 00:31:26.373 {http-nio-8080-exec-1} DEBUG XML.Util.XMLUtil - Found group: mainGroup
21 мая 2020 00:33:31.936 {http-nio-8080-exec-2} DEBUG XML.Util.XMLUtil - GroupName: firstNameGroup	Value: Pavel
21 мая 2020 00:33:31.936 {http-nio-8080-exec-2} DEBUG XML.Util.XMLUtil - Found group: firstNameGroup
21 мая 2020 00:33:31.936 {http-nio-8080-exec-2} DEBUG XML.Util.XMLUtil - Found ID: 1
21 мая 2020 00:33:31.936 {http-nio-8080-exec-2} DEBUG XML.Util.XMLUtil - GroupName: secondNameGroup	Value: Priluchniy
21 мая 2020 00:33:31.936 {http-nio-8080-exec-2} DEBUG XML.Util.XMLUtil - Found group: secondNameGroup
21 мая 2020 00:33:31.936 {http-nio-8080-exec-2} DEBUG XML.Util.XMLUtil - Found ID: null
21 мая 2020 00:33:31.936 {http-nio-8080-exec-2} DEBUG XML.Util.XMLUtil - GroupName: birthDateGroup	Value: 08.06.1990
21 мая 2020 00:33:31.936 {http-nio-8080-exec-2} DEBUG XML.Util.XMLUtil - Found group: birthDateGroup
21 мая 2020 00:33:31.936 {http-nio-8080-exec-2} DEBUG XML.Util.XMLUtil - Found ID: null
21 мая 2020 00:33:31.936 {http-nio-8080-exec-2} DEBUG XML.Util.XMLUtil - Found group: secondNameGroup
21 мая 2020 00:33:31.937 {http-nio-8080-exec-2} DEBUG XML.Util.XMLUtil - Get ID for new value from SNID
21 мая 2020 00:33:31.937 {http-nio-8080-exec-2} DEBUG XML.Util.XMLUtil - Found group: SNID
21 мая 2020 00:33:31.937 {http-nio-8080-exec-2} DEBUG XML.Util.XMLUtil - ID for new value - ID: 2
21 мая 2020 00:33:31.937 {http-nio-8080-exec-2} DEBUG XML.Util.XMLUtil - Found group: birthDateGroup
21 мая 2020 00:33:31.937 {http-nio-8080-exec-2} DEBUG XML.Util.XMLUtil - Get ID for new value from BDID
21 мая 2020 00:33:31.937 {http-nio-8080-exec-2} DEBUG XML.Util.XMLUtil - Found group: BDID
21 мая 2020 00:33:31.937 {http-nio-8080-exec-2} DEBUG XML.Util.XMLUtil - ID for new value - ID: 2
21 мая 2020 00:33:31.937 {http-nio-8080-exec-2} DEBUG XML.Util.XMLUtil - Get ID for new value from MGID
21 мая 2020 00:33:31.937 {http-nio-8080-exec-2} DEBUG XML.Util.XMLUtil - Found group: MGID
21 мая 2020 00:33:31.937 {http-nio-8080-exec-2} DEBUG XML.Util.XMLUtil - ID for new value - ID: 2
21 мая 2020 00:33:31.937 {http-nio-8080-exec-2} DEBUG XML.Util.XMLUtil - Found group: mainGroup
21 мая 2020 00:33:50.075 {http-nio-8080-exec-3} DEBUG XML.Util.XMLUtil - Found group: mainGroup
21 мая 2020 00:33:50.075 {http-nio-8080-exec-3} DEBUG XML.Util.XMLUtil - Found user info - FID: 1	SID: 2	BID: 2
21 мая 2020 00:33:50.079 {http-nio-8080-exec-3} DEBUG XML.Util.XMLUtil - Found group: firstNameGroup
21 мая 2020 00:33:50.079 {http-nio-8080-exec-3} DEBUG XML.Util.XMLUtil - Found successfully - ID: 1	value: Pavel
21 мая 2020 00:33:50.079 {http-nio-8080-exec-3} DEBUG XML.Util.XMLUtil - Found group: secondNameGroup
21 мая 2020 00:33:50.079 {http-nio-8080-exec-3} DEBUG XML.Util.XMLUtil - Found successfully - ID: 2	value: Priluchniy
21 мая 2020 00:33:50.080 {http-nio-8080-exec-3} DEBUG XML.Util.XMLUtil - Found group: birthDateGroup
21 мая 2020 00:33:50.080 {http-nio-8080-exec-3} DEBUG XML.Util.XMLUtil - Found successfully - ID: 2	value: 08.06.1990
21 мая 2020 00:34:01.361 {http-nio-8080-exec-4} DEBUG XML.Util.XMLUtil - Found group: mainGroup
21 мая 2020 00:34:01.361 {http-nio-8080-exec-4} DEBUG XML.Util.XMLUtil - Found user info - FID: 1	SID: 1	BID: 1
21 мая 2020 00:34:01.361 {http-nio-8080-exec-4} DEBUG XML.Util.XMLUtil - Found group: firstNameGroup
21 мая 2020 00:34:01.361 {http-nio-8080-exec-4} DEBUG XML.Util.XMLUtil - Found successfully - ID: 1	value: Pavel
21 мая 2020 00:34:01.361 {http-nio-8080-exec-4} DEBUG XML.Util.XMLUtil - Found group: secondNameGroup
21 мая 2020 00:34:01.361 {http-nio-8080-exec-4} DEBUG XML.Util.XMLUtil - Found successfully - ID: 1	value: Chsitov
21 мая 2020 00:34:01.361 {http-nio-8080-exec-4} DEBUG XML.Util.XMLUtil - Found group: birthDateGroup
21 мая 2020 00:34:01.361 {http-nio-8080-exec-4} DEBUG XML.Util.XMLUtil - Found successfully - ID: 1	value: 08.06.1999
21 мая 2020 00:34:05.278 {http-nio-8080-exec-5} DEBUG XML.Util.XMLUtil - Found group: mainGroup
21 мая 2020 00:34:05.279 {http-nio-8080-exec-5} INFO  XML.Util.XMLUtil - XML.Exceptions.XMLProcessException: Storage doesn't have info about user - ID: 3
21 мая 2020 00:34:16.064 {http-nio-8080-exec-6} DEBUG XML.Util.XMLUtil - Found group: mainGroup
21 мая 2020 00:35:28.475 {http-nio-8080-exec-8} DEBUG XML.Util.XMLUtil - Found group: mainGroup
21 мая 2020 00:35:28.475 {http-nio-8080-exec-8} DEBUG XML.Util.XMLUtil - Found user info - FID: 1	SID: 2	BID: 2
21 мая 2020 00:35:28.475 {http-nio-8080-exec-8} DEBUG XML.Util.XMLUtil - Found group: mainGroup
21 мая 2020 00:35:28.476 {http-nio-8080-exec-8} DEBUG XML.Util.XMLUtil - More that one user info found - Group: mainGroup	FID: 1	count: 2
21 мая 2020 00:35:28.476 {http-nio-8080-exec-8} DEBUG XML.Util.XMLUtil - GroupName: firstNameGroup	Value: Alexsander
21 мая 2020 00:35:28.476 {http-nio-8080-exec-8} DEBUG XML.Util.XMLUtil - Found group: firstNameGroup
21 мая 2020 00:35:28.476 {http-nio-8080-exec-8} DEBUG XML.Util.XMLUtil - Found ID: null
21 мая 2020 00:35:28.476 {http-nio-8080-exec-8} DEBUG XML.Util.XMLUtil - Found group: firstNameGroup
21 мая 2020 00:35:28.476 {http-nio-8080-exec-8} DEBUG XML.Util.XMLUtil - Get ID for new value from FNID
21 мая 2020 00:35:28.476 {http-nio-8080-exec-8} DEBUG XML.Util.XMLUtil - Found group: FNID
21 мая 2020 00:35:28.476 {http-nio-8080-exec-8} DEBUG XML.Util.XMLUtil - ID for new value - ID: 2
21 мая 2020 00:35:28.476 {http-nio-8080-exec-8} DEBUG XML.Util.XMLUtil - Found group: mainGroup
21 мая 2020 00:35:28.476 {http-nio-8080-exec-8} DEBUG XML.Util.XMLUtil - Update attribute - Group: mainGroup	ID: 2	attribute name: FID	new attribute value: 2
21 мая 2020 00:35:28.479 {http-nio-8080-exec-8} DEBUG XML.Util.XMLUtil - Found group: mainGroup
21 мая 2020 00:35:28.479 {http-nio-8080-exec-8} DEBUG XML.Util.XMLUtil - Found user info - FID: 2	SID: 2	BID: 2
21 мая 2020 00:35:28.479 {http-nio-8080-exec-8} DEBUG XML.Util.XMLUtil - Found group: firstNameGroup
21 мая 2020 00:35:28.479 {http-nio-8080-exec-8} DEBUG XML.Util.XMLUtil - Found successfully - ID: 2	value: Alexsander
21 мая 2020 00:35:28.479 {http-nio-8080-exec-8} DEBUG XML.Util.XMLUtil - Found group: secondNameGroup
21 мая 2020 00:35:28.479 {http-nio-8080-exec-8} DEBUG XML.Util.XMLUtil - Found successfully - ID: 2	value: Priluchniy
21 мая 2020 00:35:28.479 {http-nio-8080-exec-8} DEBUG XML.Util.XMLUtil - Found group: birthDateGroup
21 мая 2020 00:35:28.479 {http-nio-8080-exec-8} DEBUG XML.Util.XMLUtil - Found successfully - ID: 2	value: 08.06.1990
21 мая 2020 00:35:39.271 {http-nio-8080-exec-10} DEBUG XML.Util.XMLUtil - Found group: mainGroup
21 мая 2020 00:35:47.187 {http-nio-8080-exec-1} DEBUG XML.Util.XMLUtil - Found group: mainGroup
21 мая 2020 00:35:47.187 {http-nio-8080-exec-1} DEBUG XML.Util.XMLUtil - Found user info - FID: 2	SID: 2	BID: 2
21 мая 2020 00:35:47.187 {http-nio-8080-exec-1} DEBUG XML.Util.XMLUtil - Found group: firstNameGroup
21 мая 2020 00:35:47.187 {http-nio-8080-exec-1} DEBUG XML.Util.XMLUtil - Found successfully - ID: 2	value: Alexsander
21 мая 2020 00:35:47.187 {http-nio-8080-exec-1} DEBUG XML.Util.XMLUtil - Found group: secondNameGroup
21 мая 2020 00:35:47.187 {http-nio-8080-exec-1} DEBUG XML.Util.XMLUtil - Found successfully - ID: 2	value: Priluchniy
21 мая 2020 00:35:47.187 {http-nio-8080-exec-1} DEBUG XML.Util.XMLUtil - Found group: birthDateGroup
21 мая 2020 00:35:47.187 {http-nio-8080-exec-1} DEBUG XML.Util.XMLUtil - Found successfully - ID: 2	value: 08.06.1990
21 мая 2020 00:35:51.020 {http-nio-8080-exec-2} DEBUG XML.Util.XMLUtil - Found group: mainGroup
21 мая 2020 00:35:51.020 {http-nio-8080-exec-2} DEBUG XML.Util.XMLUtil - Found user info - FID: 1	SID: 1	BID: 1
21 мая 2020 00:35:51.021 {http-nio-8080-exec-2} DEBUG XML.Util.XMLUtil - Found group: firstNameGroup
21 мая 2020 00:35:51.021 {http-nio-8080-exec-2} DEBUG XML.Util.XMLUtil - Found successfully - ID: 1	value: Pavel
21 мая 2020 00:35:51.021 {http-nio-8080-exec-2} DEBUG XML.Util.XMLUtil - Found group: secondNameGroup
21 мая 2020 00:35:51.021 {http-nio-8080-exec-2} DEBUG XML.Util.XMLUtil - Found successfully - ID: 1	value: Chsitov
21 мая 2020 00:35:51.021 {http-nio-8080-exec-2} DEBUG XML.Util.XMLUtil - Found group: birthDateGroup
21 мая 2020 00:35:51.021 {http-nio-8080-exec-2} DEBUG XML.Util.XMLUtil - Found successfully - ID: 1	value: 08.06.1999
21 мая 2020 00:36:58.989 {http-nio-8080-exec-4} DEBUG XML.Util.XMLUtil - GroupName: firstNameGroup	Value: Pavel
21 мая 2020 00:36:58.989 {http-nio-8080-exec-4} DEBUG XML.Util.XMLUtil - Found group: firstNameGroup
21 мая 2020 00:36:58.989 {http-nio-8080-exec-4} DEBUG XML.Util.XMLUtil - Found ID: 1
21 мая 2020 00:36:58.989 {http-nio-8080-exec-4} DEBUG XML.Util.XMLUtil - GroupName: secondNameGroup	Value: Chernov
21 мая 2020 00:36:58.989 {http-nio-8080-exec-4} DEBUG XML.Util.XMLUtil - Found group: secondNameGroup
21 мая 2020 00:36:58.989 {http-nio-8080-exec-4} DEBUG XML.Util.XMLUtil - Found ID: null
21 мая 2020 00:36:58.989 {http-nio-8080-exec-4} DEBUG XML.Util.XMLUtil - GroupName: birthDateGroup	Value: 08.06.1973
21 мая 2020 00:36:58.989 {http-nio-8080-exec-4} DEBUG XML.Util.XMLUtil - Found group: birthDateGroup
21 мая 2020 00:36:58.989 {http-nio-8080-exec-4} DEBUG XML.Util.XMLUtil - Found ID: null
21 мая 2020 00:36:58.989 {http-nio-8080-exec-4} DEBUG XML.Util.XMLUtil - Found group: secondNameGroup
21 мая 2020 00:36:58.989 {http-nio-8080-exec-4} DEBUG XML.Util.XMLUtil - Get ID for new value from SNID
21 мая 2020 00:36:58.989 {http-nio-8080-exec-4} DEBUG XML.Util.XMLUtil - Found group: SNID
21 мая 2020 00:36:58.989 {http-nio-8080-exec-4} DEBUG XML.Util.XMLUtil - ID for new value - ID: 3
21 мая 2020 00:36:58.990 {http-nio-8080-exec-4} DEBUG XML.Util.XMLUtil - Found group: birthDateGroup
21 мая 2020 00:36:58.990 {http-nio-8080-exec-4} DEBUG XML.Util.XMLUtil - Get ID for new value from BDID
21 мая 2020 00:36:58.990 {http-nio-8080-exec-4} DEBUG XML.Util.XMLUtil - Found group: BDID
21 мая 2020 00:36:58.990 {http-nio-8080-exec-4} DEBUG XML.Util.XMLUtil - ID for new value - ID: 3
21 мая 2020 00:36:58.990 {http-nio-8080-exec-4} DEBUG XML.Util.XMLUtil - Get ID for new value from MGID
21 мая 2020 00:36:58.990 {http-nio-8080-exec-4} DEBUG XML.Util.XMLUtil - Found group: MGID
21 мая 2020 00:36:58.990 {http-nio-8080-exec-4} DEBUG XML.Util.XMLUtil - ID for new value - ID: 3
21 мая 2020 00:36:58.990 {http-nio-8080-exec-4} DEBUG XML.Util.XMLUtil - Found group: mainGroup
21 мая 2020 00:37:17.331 {http-nio-8080-exec-6} DEBUG XML.Util.XMLUtil - GroupName: firstNameGroup	Value: Alexsander
21 мая 2020 00:37:17.331 {http-nio-8080-exec-6} DEBUG XML.Util.XMLUtil - Found group: firstNameGroup
21 мая 2020 00:37:17.331 {http-nio-8080-exec-6} DEBUG XML.Util.XMLUtil - Found ID: 2
21 мая 2020 00:37:17.331 {http-nio-8080-exec-6} DEBUG XML.Util.XMLUtil - GroupName: secondNameGroup	Value: Chernov
21 мая 2020 00:37:17.332 {http-nio-8080-exec-6} DEBUG XML.Util.XMLUtil - Found group: secondNameGroup
21 мая 2020 00:37:17.332 {http-nio-8080-exec-6} DEBUG XML.Util.XMLUtil - Found ID: 3
21 мая 2020 00:37:17.332 {http-nio-8080-exec-6} DEBUG XML.Util.XMLUtil - GroupName: birthDateGroup	Value: 08.06.1973
21 мая 2020 00:37:17.332 {http-nio-8080-exec-6} DEBUG XML.Util.XMLUtil - Found group: birthDateGroup
21 мая 2020 00:37:17.332 {http-nio-8080-exec-6} DEBUG XML.Util.XMLUtil - Found ID: 3
21 мая 2020 00:37:17.332 {http-nio-8080-exec-6} DEBUG XML.Util.XMLUtil - Get ID for new value from MGID
21 мая 2020 00:37:17.332 {http-nio-8080-exec-6} DEBUG XML.Util.XMLUtil - Found group: MGID
21 мая 2020 00:37:17.332 {http-nio-8080-exec-6} DEBUG XML.Util.XMLUtil - ID for new value - ID: 4
21 мая 2020 00:37:17.332 {http-nio-8080-exec-6} DEBUG XML.Util.XMLUtil - Found group: mainGroup
21 мая 2020 00:37:35.280 {http-nio-8080-exec-9} DEBUG XML.Util.XMLUtil - Found group: mainGroup
21 мая 2020 00:37:35.280 {http-nio-8080-exec-9} DEBUG XML.Util.XMLUtil - Found user info - FID: 1	SID: 1	BID: 1
21 мая 2020 00:37:35.280 {http-nio-8080-exec-9} DEBUG XML.Util.XMLUtil - Found group: firstNameGroup
21 мая 2020 00:37:35.280 {http-nio-8080-exec-9} DEBUG XML.Util.XMLUtil - Found successfully - ID: 1	value: Pavel
21 мая 2020 00:37:35.280 {http-nio-8080-exec-9} DEBUG XML.Util.XMLUtil - Found group: secondNameGroup
21 мая 2020 00:37:35.280 {http-nio-8080-exec-9} DEBUG XML.Util.XMLUtil - Found successfully - ID: 1	value: Chsitov
21 мая 2020 00:37:35.280 {http-nio-8080-exec-9} DEBUG XML.Util.XMLUtil - Found group: birthDateGroup
21 мая 2020 00:37:35.280 {http-nio-8080-exec-9} DEBUG XML.Util.XMLUtil - Found successfully - ID: 1	value: 08.06.1999
21 мая 2020 00:37:48.270 {http-nio-8080-exec-8} DEBUG XML.Util.XMLUtil - Found group: mainGroup
21 мая 2020 00:37:48.270 {http-nio-8080-exec-8} DEBUG XML.Util.XMLUtil - Found user info - FID: 2	SID: 2	BID: 2
21 мая 2020 00:37:48.270 {http-nio-8080-exec-8} DEBUG XML.Util.XMLUtil - Found group: firstNameGroup
21 мая 2020 00:37:48.270 {http-nio-8080-exec-8} DEBUG XML.Util.XMLUtil - Found successfully - ID: 2	value: Alexsander
21 мая 2020 00:37:48.270 {http-nio-8080-exec-8} DEBUG XML.Util.XMLUtil - Found group: secondNameGroup
21 мая 2020 00:37:48.270 {http-nio-8080-exec-8} DEBUG XML.Util.XMLUtil - Found successfully - ID: 2	value: Priluchniy
21 мая 2020 00:37:48.270 {http-nio-8080-exec-8} DEBUG XML.Util.XMLUtil - Found group: birthDateGroup
21 мая 2020 00:37:48.270 {http-nio-8080-exec-8} DEBUG XML.Util.XMLUtil - Found successfully - ID: 2	value: 08.06.1990
21 мая 2020 00:37:52.371 {http-nio-8080-exec-10} DEBUG XML.Util.XMLUtil - Found group: mainGroup
21 мая 2020 00:37:52.371 {http-nio-8080-exec-10} DEBUG XML.Util.XMLUtil - Found user info - FID: 1	SID: 3	BID: 3
21 мая 2020 00:37:52.371 {http-nio-8080-exec-10} DEBUG XML.Util.XMLUtil - Found group: firstNameGroup
21 мая 2020 00:37:52.371 {http-nio-8080-exec-10} DEBUG XML.Util.XMLUtil - Found successfully - ID: 1	value: Pavel
21 мая 2020 00:37:52.371 {http-nio-8080-exec-10} DEBUG XML.Util.XMLUtil - Found group: secondNameGroup
21 мая 2020 00:37:52.371 {http-nio-8080-exec-10} DEBUG XML.Util.XMLUtil - Found successfully - ID: 3	value: Chernov
21 мая 2020 00:37:52.372 {http-nio-8080-exec-10} DEBUG XML.Util.XMLUtil - Found group: birthDateGroup
21 мая 2020 00:37:52.372 {http-nio-8080-exec-10} DEBUG XML.Util.XMLUtil - Found successfully - ID: 3	value: 08.06.1973
21 мая 2020 00:37:55.953 {http-nio-8080-exec-1} DEBUG XML.Util.XMLUtil - Found group: mainGroup
21 мая 2020 00:37:55.953 {http-nio-8080-exec-1} DEBUG XML.Util.XMLUtil - Found user info - FID: 2	SID: 3	BID: 3
21 мая 2020 00:37:55.953 {http-nio-8080-exec-1} DEBUG XML.Util.XMLUtil - Found group: firstNameGroup
21 мая 2020 00:37:55.953 {http-nio-8080-exec-1} DEBUG XML.Util.XMLUtil - Found successfully - ID: 2	value: Alexsander
21 мая 2020 00:37:55.953 {http-nio-8080-exec-1} DEBUG XML.Util.XMLUtil - Found group: secondNameGroup
21 мая 2020 00:37:55.953 {http-nio-8080-exec-1} DEBUG XML.Util.XMLUtil - Found successfully - ID: 3	value: Chernov
21 мая 2020 00:37:55.953 {http-nio-8080-exec-1} DEBUG XML.Util.XMLUtil - Found group: birthDateGroup
21 мая 2020 00:37:55.954 {http-nio-8080-exec-1} DEBUG XML.Util.XMLUtil - Found successfully - ID: 3	value: 08.06.1973
21 мая 2020 00:38:58.567 {http-nio-8080-exec-5} DEBUG XML.Util.XMLUtil - Found group: mainGroup
21 мая 2020 00:38:58.568 {http-nio-8080-exec-5} DEBUG XML.Util.XMLUtil - Found user info - FID: 2	SID: 2	BID: 2
21 мая 2020 00:38:58.568 {http-nio-8080-exec-5} DEBUG XML.Util.XMLUtil - Found group: mainGroup
21 мая 2020 00:38:58.568 {http-nio-8080-exec-5} DEBUG XML.Util.XMLUtil - More that one user info found - Group: mainGroup	FID: 2	count: 2
21 мая 2020 00:38:58.568 {http-nio-8080-exec-5} DEBUG XML.Util.XMLUtil - Found group: mainGroup
21 мая 2020 00:38:58.568 {http-nio-8080-exec-5} DEBUG XML.Util.XMLUtil - Found group: secondNameGroup
21 мая 2020 00:38:58.568 {http-nio-8080-exec-5} DEBUG XML.Util.XMLUtil - Set free ID to SNID
21 мая 2020 00:38:58.568 {http-nio-8080-exec-5} DEBUG XML.Util.XMLUtil - Found group: SNID
21 мая 2020 00:38:58.568 {http-nio-8080-exec-5} DEBUG XML.Util.XMLUtil - Set free ID successfully
21 мая 2020 00:38:58.568 {http-nio-8080-exec-5} DEBUG XML.Util.XMLUtil - Delete successfully - Group: secondNameGroup	ID: 2
21 мая 2020 00:38:58.568 {http-nio-8080-exec-5} DEBUG XML.Util.XMLUtil - Found group: mainGroup
21 мая 2020 00:38:58.568 {http-nio-8080-exec-5} DEBUG XML.Util.XMLUtil - Found group: birthDateGroup
21 мая 2020 00:38:58.568 {http-nio-8080-exec-5} DEBUG XML.Util.XMLUtil - Set free ID to BDID
21 мая 2020 00:38:58.568 {http-nio-8080-exec-5} DEBUG XML.Util.XMLUtil - Found group: BDID
21 мая 2020 00:38:58.568 {http-nio-8080-exec-5} DEBUG XML.Util.XMLUtil - Set free ID successfully
21 мая 2020 00:38:58.568 {http-nio-8080-exec-5} DEBUG XML.Util.XMLUtil - Delete successfully - Group: birthDateGroup	ID: 2
21 мая 2020 00:38:58.568 {http-nio-8080-exec-5} DEBUG XML.Util.XMLUtil - Found group: mainGroup
21 мая 2020 00:38:58.568 {http-nio-8080-exec-5} DEBUG XML.Util.XMLUtil - Found group: mainGroup
21 мая 2020 00:38:58.568 {http-nio-8080-exec-5} DEBUG XML.Util.XMLUtil - Set free ID to MGID
21 мая 2020 00:38:58.568 {http-nio-8080-exec-5} DEBUG XML.Util.XMLUtil - Found group: MGID
21 мая 2020 00:38:58.568 {http-nio-8080-exec-5} DEBUG XML.Util.XMLUtil - Set free ID successfully
21 мая 2020 00:38:58.568 {http-nio-8080-exec-5} DEBUG XML.Util.XMLUtil - Delete successfully - Group: mainGroup	ID: 2
21 мая 2020 00:39:11.109 {http-nio-8080-exec-4} DEBUG XML.Util.XMLUtil - Found group: mainGroup
21 мая 2020 00:40:09.004 {http-nio-8080-exec-6} DEBUG XML.Util.XMLUtil - GroupName: firstNameGroup	Value: Petya
21 мая 2020 00:40:09.004 {http-nio-8080-exec-6} DEBUG XML.Util.XMLUtil - Found group: firstNameGroup
21 мая 2020 00:40:09.004 {http-nio-8080-exec-6} DEBUG XML.Util.XMLUtil - Found ID: null
21 мая 2020 00:40:09.004 {http-nio-8080-exec-6} DEBUG XML.Util.XMLUtil - GroupName: secondNameGroup	Value: Petrov
21 мая 2020 00:40:09.004 {http-nio-8080-exec-6} DEBUG XML.Util.XMLUtil - Found group: secondNameGroup
21 мая 2020 00:40:09.004 {http-nio-8080-exec-6} DEBUG XML.Util.XMLUtil - Found ID: null
21 мая 2020 00:40:09.004 {http-nio-8080-exec-6} DEBUG XML.Util.XMLUtil - GroupName: birthDateGroup	Value: 11.09.2001
21 мая 2020 00:40:09.004 {http-nio-8080-exec-6} DEBUG XML.Util.XMLUtil - Found group: birthDateGroup
21 мая 2020 00:40:09.004 {http-nio-8080-exec-6} DEBUG XML.Util.XMLUtil - Found ID: null
21 мая 2020 00:40:09.004 {http-nio-8080-exec-6} DEBUG XML.Util.XMLUtil - Found group: firstNameGroup
21 мая 2020 00:40:09.004 {http-nio-8080-exec-6} DEBUG XML.Util.XMLUtil - Get ID for new value from FNID
21 мая 2020 00:40:09.004 {http-nio-8080-exec-6} DEBUG XML.Util.XMLUtil - Found group: FNID
21 мая 2020 00:40:09.004 {http-nio-8080-exec-6} DEBUG XML.Util.XMLUtil - ID for new value - ID: 3
21 мая 2020 00:40:09.005 {http-nio-8080-exec-6} DEBUG XML.Util.XMLUtil - Found group: secondNameGroup
21 мая 2020 00:40:09.005 {http-nio-8080-exec-6} DEBUG XML.Util.XMLUtil - Get ID for new value from SNID
21 мая 2020 00:40:09.005 {http-nio-8080-exec-6} DEBUG XML.Util.XMLUtil - Found group: SNID
21 мая 2020 00:40:09.005 {http-nio-8080-exec-6} DEBUG XML.Util.XMLUtil - ID for new value - ID: 2
21 мая 2020 00:40:09.005 {http-nio-8080-exec-6} DEBUG XML.Util.XMLUtil - Found group: birthDateGroup
21 мая 2020 00:40:09.005 {http-nio-8080-exec-6} DEBUG XML.Util.XMLUtil - Get ID for new value from BDID
21 мая 2020 00:40:09.005 {http-nio-8080-exec-6} DEBUG XML.Util.XMLUtil - Found group: BDID
21 мая 2020 00:40:09.005 {http-nio-8080-exec-6} DEBUG XML.Util.XMLUtil - ID for new value - ID: 2
21 мая 2020 00:40:09.005 {http-nio-8080-exec-6} DEBUG XML.Util.XMLUtil - Get ID for new value from MGID
21 мая 2020 00:40:09.005 {http-nio-8080-exec-6} DEBUG XML.Util.XMLUtil - Found group: MGID
21 мая 2020 00:40:09.005 {http-nio-8080-exec-6} DEBUG XML.Util.XMLUtil - ID for new value - ID: 2
21 мая 2020 00:40:09.005 {http-nio-8080-exec-6} DEBUG XML.Util.XMLUtil - Found group: mainGroup
21 мая 2020 00:40:18.085 {http-nio-8080-exec-7} DEBUG XML.Util.XMLUtil - Found group: mainGroup
21 мая 2020 00:40:25.688 {http-nio-8080-exec-9} DEBUG XML.Util.XMLUtil - Found group: mainGroup
21 мая 2020 00:40:29.827 {http-nio-8080-exec-8} DEBUG XML.Util.XMLUtil - GroupName: firstNameGroup	Value: Petya
21 мая 2020 00:40:29.827 {http-nio-8080-exec-8} DEBUG XML.Util.XMLUtil - Found group: firstNameGroup
21 мая 2020 00:40:29.827 {http-nio-8080-exec-8} DEBUG XML.Util.XMLUtil - Found ID: 3
21 мая 2020 00:40:29.827 {http-nio-8080-exec-8} DEBUG XML.Util.XMLUtil - GroupName: secondNameGroup	Value: Petrov
21 мая 2020 00:40:29.828 {http-nio-8080-exec-8} DEBUG XML.Util.XMLUtil - Found group: secondNameGroup
21 мая 2020 00:40:29.828 {http-nio-8080-exec-8} DEBUG XML.Util.XMLUtil - Found ID: 2
21 мая 2020 00:40:29.828 {http-nio-8080-exec-8} DEBUG XML.Util.XMLUtil - GroupName: birthDateGroup	Value: 11.09.2001
21 мая 2020 00:40:29.828 {http-nio-8080-exec-8} DEBUG XML.Util.XMLUtil - Found group: birthDateGroup
21 мая 2020 00:40:29.828 {http-nio-8080-exec-8} DEBUG XML.Util.XMLUtil - Found ID: 2
21 мая 2020 00:40:29.828 {http-nio-8080-exec-8} DEBUG XML.Util.XMLUtil - Get ID for new value from MGID
21 мая 2020 00:40:29.828 {http-nio-8080-exec-8} DEBUG XML.Util.XMLUtil - Found group: MGID
21 мая 2020 00:40:29.828 {http-nio-8080-exec-8} DEBUG XML.Util.XMLUtil - ID for new value - ID: 5
21 мая 2020 00:40:29.828 {http-nio-8080-exec-8} DEBUG XML.Util.XMLUtil - Found group: mainGroup
21 мая 2020 00:40:32.629 {http-nio-8080-exec-10} DEBUG XML.Util.XMLUtil - Found group: mainGroup
