21 мая 2020 00:21:45.863 {main} INFO  XML.XMLHandler - Open and parse xml file successfully
21 мая 2020 00:31:22.083 {main} INFO  XML.XMLHandler - Open and parse xml file successfully
21 мая 2020 00:31:26.369 {http-nio-8080-exec-1} INFO  XML.XMLHandler - Create request -	first name: Pavel	second name: Chsitov	birth date: 08.06.1999
21 мая 2020 00:31:26.386 {http-nio-8080-exec-1} INFO  XML.XMLHandler - Create successfully - 	FID: 1	SID: 1	BID: 1	ID: 1
21 мая 2020 00:33:17.113 {main} INFO  XML.XMLHandler - Open and parse xml file successfully
21 мая 2020 00:33:31.934 {http-nio-8080-exec-2} INFO  XML.XMLHandler - Create request -	first name: Pavel	second name: Priluchniy	birth date: 08.06.1990
21 мая 2020 00:33:31.952 {http-nio-8080-exec-2} INFO  XML.XMLHandler - Create successfully - 	FID: 1	SID: 2	BID: 2	ID: 2
21 мая 2020 00:33:50.075 {http-nio-8080-exec-3} INFO  XML.XMLHandler - Read info about user - ID: 2
21 мая 2020 00:33:50.080 {http-nio-8080-exec-3} INFO  XML.XMLHandler - Found user info - first name: Pavel	second name: Priluchniy	birth date: 08.06.1990
21 мая 2020 00:34:01.360 {http-nio-8080-exec-4} INFO  XML.XMLHandler - Read info about user - ID: 1
21 мая 2020 00:34:01.361 {http-nio-8080-exec-4} INFO  XML.XMLHandler - Found user info - first name: Pavel	second name: Chsitov	birth date: 08.06.1999
21 мая 2020 00:34:05.278 {http-nio-8080-exec-5} INFO  XML.XMLHandler - Read info about user - ID: 3
21 мая 2020 00:34:16.064 {http-nio-8080-exec-6} INFO  XML.XMLHandler - Read all users info request	
21 мая 2020 00:34:16.064 {http-nio-8080-exec-6} INFO  XML.XMLHandler - Read all users info successfully	
21 мая 2020 00:35:28.475 {http-nio-8080-exec-8} INFO  XML.XMLHandler - Update request - ID: 2	User info: first name: Alexsander	second name: null	birth date: null
21 мая 2020 00:35:28.478 {http-nio-8080-exec-8} INFO  XML.XMLHandler - Read info about user - ID: 2
21 мая 2020 00:35:28.479 {http-nio-8080-exec-8} INFO  XML.XMLHandler - Found user info - first name: Alexsander	second name: Priluchniy	birth date: 08.06.1990
21 мая 2020 00:35:28.479 {http-nio-8080-exec-8} INFO  XML.XMLHandler - Update successfully - first name: Alexsander	second name: Priluchniy	birth date: 08.06.1990
21 мая 2020 00:35:39.271 {http-nio-8080-exec-10} INFO  XML.XMLHandler - Read all users info request	
21 мая 2020 00:35:39.271 {http-nio-8080-exec-10} INFO  XML.XMLHandler - Read all users info successfully	
21 мая 2020 00:35:47.187 {http-nio-8080-exec-1} INFO  XML.XMLHandler - Read info about user - ID: 2
21 мая 2020 00:35:47.187 {http-nio-8080-exec-1} INFO  XML.XMLHandler - Found user info - first name: Alexsander	second name: Priluchniy	birth date: 08.06.1990
21 мая 2020 00:35:51.020 {http-nio-8080-exec-2} INFO  XML.XMLHandler - Read info about user - ID: 1
21 мая 2020 00:35:51.021 {http-nio-8080-exec-2} INFO  XML.XMLHandler - Found user info - first name: Pavel	second name: Chsitov	birth date: 08.06.1999
21 мая 2020 00:36:58.989 {http-nio-8080-exec-4} INFO  XML.XMLHandler - Create request -	first name: Pavel	second name: Chernov	birth date: 08.06.1973
21 мая 2020 00:36:58.991 {http-nio-8080-exec-4} INFO  XML.XMLHandler - Create successfully - 	FID: 1	SID: 3	BID: 3	ID: 3
21 мая 2020 00:37:17.331 {http-nio-8080-exec-6} INFO  XML.XMLHandler - Create request -	first name: Alexsander	second name: Chernov	birth date: 08.06.1973
21 мая 2020 00:37:17.333 {http-nio-8080-exec-6} INFO  XML.XMLHandler - Create successfully - 	FID: 2	SID: 3	BID: 3	ID: 4
21 мая 2020 00:37:35.279 {http-nio-8080-exec-9} INFO  XML.XMLHandler - Read info about user - ID: 1
21 мая 2020 00:37:35.280 {http-nio-8080-exec-9} INFO  XML.XMLHandler - Found user info - first name: Pavel	second name: Chsitov	birth date: 08.06.1999
21 мая 2020 00:37:48.270 {http-nio-8080-exec-8} INFO  XML.XMLHandler - Read info about user - ID: 2
21 мая 2020 00:37:48.270 {http-nio-8080-exec-8} INFO  XML.XMLHandler - Found user info - first name: Alexsander	second name: Priluchniy	birth date: 08.06.1990
21 мая 2020 00:37:52.371 {http-nio-8080-exec-10} INFO  XML.XMLHandler - Read info about user - ID: 3
21 мая 2020 00:37:52.372 {http-nio-8080-exec-10} INFO  XML.XMLHandler - Found user info - first name: Pavel	second name: Chernov	birth date: 08.06.1973
21 мая 2020 00:37:55.953 {http-nio-8080-exec-1} INFO  XML.XMLHandler - Read info about user - ID: 4
21 мая 2020 00:37:55.954 {http-nio-8080-exec-1} INFO  XML.XMLHandler - Found user info - first name: Alexsander	second name: Chernov	birth date: 08.06.1973
21 мая 2020 00:38:58.567 {http-nio-8080-exec-5} INFO  XML.XMLHandler - Delete request - ID: 2
21 мая 2020 00:38:58.569 {http-nio-8080-exec-5} INFO  XML.XMLHandler - Delete successfully ID: 2
21 мая 2020 00:39:11.109 {http-nio-8080-exec-4} INFO  XML.XMLHandler - Read all users info request	
21 мая 2020 00:39:11.109 {http-nio-8080-exec-4} INFO  XML.XMLHandler - Read all users info successfully	
21 мая 2020 00:40:09.004 {http-nio-8080-exec-6} INFO  XML.XMLHandler - Create request -	first name: Petya	second name: Petrov	birth date: 11.09.2001
21 мая 2020 00:40:09.008 {http-nio-8080-exec-6} INFO  XML.XMLHandler - Create successfully - 	FID: 3	SID: 2	BID: 2	ID: 2
21 мая 2020 00:40:18.085 {http-nio-8080-exec-7} INFO  XML.XMLHandler - Read all users info request	
21 мая 2020 00:40:18.085 {http-nio-8080-exec-7} INFO  XML.XMLHandler - Read all users info successfully	
21 мая 2020 00:40:25.688 {http-nio-8080-exec-9} INFO  XML.XMLHandler - Read all users info request	
21 мая 2020 00:40:25.688 {http-nio-8080-exec-9} INFO  XML.XMLHandler - Read all users info successfully	
21 мая 2020 00:40:29.827 {http-nio-8080-exec-8} INFO  XML.XMLHandler - Create request -	first name: Petya	second name: Petrov	birth date: 11.09.2001
21 мая 2020 00:40:29.829 {http-nio-8080-exec-8} INFO  XML.XMLHandler - Create successfully - 	FID: 3	SID: 2	BID: 2	ID: 5
21 мая 2020 00:40:32.629 {http-nio-8080-exec-10} INFO  XML.XMLHandler - Read all users info request	
21 мая 2020 00:40:32.629 {http-nio-8080-exec-10} INFO  XML.XMLHandler - Read all users info successfully	
